

> @onecoach/ui-workout@0.0.0 type-check /Users/giulioleone/Sviluppo/CoachOne/submodules/onecoach-ui/packages/oneui-workout
> tsc --noEmit

[96msrc/builder/circuit-editor.tsx[0m:[93m32[0m:[93m5[0m - [91merror[0m[90m TS2345: [0mArgument of type '{ exerciseId: string; name: string; reps?: number | undefined; duration?: number | undefined; notes?: string | undefined; }[] | ({ name: string; reps: number; } | { name: string; duration: number; })[]' is not assignable to parameter of type '{ exerciseId: string; name: string; reps?: number | undefined; duration?: number | undefined; notes?: string | undefined; }[] | (() => { exerciseId: string; name: string; reps?: number | undefined; duration?: number | undefined; notes?: string | undefined; }[])'.
  Type '({ name: string; reps: number; } | { name: string; duration: number; })[]' is not assignable to type '{ exerciseId: string; name: string; reps?: number | undefined; duration?: number | undefined; notes?: string | undefined; }[] | (() => { exerciseId: string; name: string; reps?: number | undefined; duration?: number | undefined; notes?: string | undefined; }[])'.
    Type '({ name: string; reps: number; } | { name: string; duration: number; })[]' is not assignable to type '{ exerciseId: string; name: string; reps?: number | undefined; duration?: number | undefined; notes?: string | undefined; }[]'.
      Type '{ name: string; reps: number; } | { name: string; duration: number; }' is not assignable to type '{ exerciseId: string; name: string; reps?: number | undefined; duration?: number | undefined; notes?: string | undefined; }'.
        Property 'exerciseId' is missing in type '{ name: string; reps: number; }' but required in type '{ exerciseId: string; name: string; reps?: number | undefined; duration?: number | undefined; notes?: string | undefined; }'.

[7m 32[0m     circuit?.exercises ?? [
[7m   [0m [91m    ~~~~~~~~~~~~~~~~~~~~~~~[0m
[7m 33[0m       { name: 'Burpees', reps: 10 },
[7m   [0m [91m~~~~~~~~~~~~~~~~~~~~~~~~~~~~~~~~~~~~[0m
[7m...[0m 
[7m 36[0m       { name: 'Plank', duration: 45 },
[7m   [0m [91m~~~~~~~~~~~~~~~~~~~~~~~~~~~~~~~~~~~~~~[0m
[7m 37[0m     ]
[7m   [0m [91m~~~~~[0m

  [96m../../../onecoach-schemas/src/workout/base.schemas.ts[0m:[93m313[0m:[93m3[0m
    [7m313[0m   exerciseId: z.string().min(1),
    [7m   [0m [96m  ~~~~~~~~~~~~~~~~~~~~~~~~~~~~~[0m
    'exerciseId' is declared here.

[96msrc/builder/circuit-editor.tsx[0m:[93m59[0m:[93m18[0m - [91merror[0m[90m TS2345: [0mArgument of type '({ exerciseId: string; name: string; reps?: number | undefined; duration?: number | undefined; notes?: string | undefined; } | { name: string; reps: number; })[]' is not assignable to parameter of type 'SetStateAction<{ exerciseId: string; name: string; reps?: number | undefined; duration?: number | undefined; notes?: string | undefined; }[]>'.
  Type '({ exerciseId: string; name: string; reps?: number | undefined; duration?: number | undefined; notes?: string | undefined; } | { name: string; reps: number; })[]' is not assignable to type '{ exerciseId: string; name: string; reps?: number | undefined; duration?: number | undefined; notes?: string | undefined; }[]'.
    Type '{ exerciseId: string; name: string; reps?: number | undefined; duration?: number | undefined; notes?: string | undefined; } | { name: string; reps: number; }' is not assignable to type '{ exerciseId: string; name: string; reps?: number | undefined; duration?: number | undefined; notes?: string | undefined; }'.
      Property 'exerciseId' is missing in type '{ name: string; reps: number; }' but required in type '{ exerciseId: string; name: string; reps?: number | undefined; duration?: number | undefined; notes?: string | undefined; }'.

[7m59[0m     setExercises(updated);
[7m  [0m [91m                 ~~~~~~~[0m

  [96m../../../onecoach-schemas/src/workout/base.schemas.ts[0m:[93m313[0m:[93m3[0m
    [7m313[0m   exerciseId: z.string().min(1),
    [7m   [0m [96m  ~~~~~~~~~~~~~~~~~~~~~~~~~~~~~[0m
    'exerciseId' is declared here.

[96msrc/builder/circuit-editor.tsx[0m:[93m60[0m:[93m18[0m - [91merror[0m[90m TS2322: [0mType '({ exerciseId: string; name: string; reps?: number | undefined; duration?: number | undefined; notes?: string | undefined; } | { name: string; reps: number; })[]' is not assignable to type '{ exerciseId: string; name: string; reps?: number | undefined; duration?: number | undefined; notes?: string | undefined; }[]'.
  Type '{ exerciseId: string; name: string; reps?: number | undefined; duration?: number | undefined; notes?: string | undefined; } | { name: string; reps: number; }' is not assignable to type '{ exerciseId: string; name: string; reps?: number | undefined; duration?: number | undefined; notes?: string | undefined; }'.
    Property 'exerciseId' is missing in type '{ name: string; reps: number; }' but required in type '{ exerciseId: string; name: string; reps?: number | undefined; duration?: number | undefined; notes?: string | undefined; }'.

[7m60[0m     emitChange({ exercises: updated });
[7m  [0m [91m                 ~~~~~~~~~[0m

  [96m../../../onecoach-schemas/src/workout/base.schemas.ts[0m:[93m313[0m:[93m3[0m
    [7m313[0m   exerciseId: z.string().min(1),
    [7m   [0m [96m  ~~~~~~~~~~~~~~~~~~~~~~~~~~~~~[0m
    'exerciseId' is declared here.

[96msrc/builder/superset-editor.tsx[0m:[93m57[0m:[93m7[0m - [91merror[0m[90m TS2322: [0mType 'SupersetBuilderExercise[]' is not assignable to type '{ exerciseId: string; name: string; description: string; type: "compound" | "accessory" | "isolation" | "core"; category: "core" | "strength" | "cardio" | "flexibility" | "balance" | "endurance"; ... 13 more ...; videoUrl?: string | undefined; }[] & SupersetBuilderExercise[]'.
  Type 'SupersetBuilderExercise[]' is not assignable to type '{ exerciseId: string; name: string; description: string; type: "compound" | "accessory" | "isolation" | "core"; category: "core" | "strength" | "cardio" | "flexibility" | "balance" | "endurance"; ... 13 more ...; videoUrl?: string | undefined; }[]'.
    Type 'SupersetBuilderExercise' is missing the following properties from type '{ exerciseId: string; name: string; description: string; type: "compound" | "accessory" | "isolation" | "core"; category: "core" | "strength" | "cardio" | "flexibility" | "balance" | "endurance"; ... 13 more ...; videoUrl?: string | undefined; }': description, type, category, setGroups

[7m57[0m       exercises,
[7m  [0m [91m      ~~~~~~~~~[0m

  [96m../../../onecoach-schemas/src/workout/base.schemas.ts[0m:[93m299[0m:[93m3[0m
    [7m299[0m   exercises: z.array(exerciseSchema).min(2).max(4),
    [7m   [0m [96m  ~~~~~~~~~~~~~~~~~~~~~~~~~~~~~~~~~~~~~~~~~~~~~~~~[0m
    The expected type comes from property 'exercises' which is declared here on type 'Partial<{ id: string; type: "superset"; exercises: { exerciseId: string; name: string; description: string; type: "compound" | "accessory" | "isolation" | "core"; category: "core" | "strength" | "cardio" | "flexibility" | "balance" | "endurance"; ... 13 more ...; videoUrl?: string | undefined; }[]; ... 4 more ...; n...'

[96msrc/builder/superset-editor.tsx[0m:[93m69[0m:[93m18[0m - [91merror[0m[90m TS2322: [0mType 'SupersetBuilderExercise[]' is not assignable to type '{ exerciseId: string; name: string; description: string; type: "compound" | "accessory" | "isolation" | "core"; category: "core" | "strength" | "cardio" | "flexibility" | "balance" | "endurance"; ... 13 more ...; videoUrl?: string | undefined; }[] & SupersetBuilderExercise[]'.
  Type 'SupersetBuilderExercise[]' is not assignable to type '{ exerciseId: string; name: string; description: string; type: "compound" | "accessory" | "isolation" | "core"; category: "core" | "strength" | "cardio" | "flexibility" | "balance" | "endurance"; ... 13 more ...; videoUrl?: string | undefined; }[]'.
    Type 'SupersetBuilderExercise' is missing the following properties from type '{ exerciseId: string; name: string; description: string; type: "compound" | "accessory" | "isolation" | "core"; category: "core" | "strength" | "cardio" | "flexibility" | "balance" | "endurance"; ... 13 more ...; videoUrl?: string | undefined; }': description, type, category, setGroups

[7m69[0m     emitChange({ exercises: updated });
[7m  [0m [91m                 ~~~~~~~~~[0m

[96msrc/builder/superset-editor.tsx[0m:[93m76[0m:[93m18[0m - [91merror[0m[90m TS2322: [0mType 'SupersetBuilderExercise[]' is not assignable to type '{ exerciseId: string; name: string; description: string; type: "compound" | "accessory" | "isolation" | "core"; category: "core" | "strength" | "cardio" | "flexibility" | "balance" | "endurance"; ... 13 more ...; videoUrl?: string | undefined; }[] & SupersetBuilderExercise[]'.
  Type 'SupersetBuilderExercise[]' is not assignable to type '{ exerciseId: string; name: string; description: string; type: "compound" | "accessory" | "isolation" | "core"; category: "core" | "strength" | "cardio" | "flexibility" | "balance" | "endurance"; ... 13 more ...; videoUrl?: string | undefined; }[]'.
    Type 'SupersetBuilderExercise' is missing the following properties from type '{ exerciseId: string; name: string; description: string; type: "compound" | "accessory" | "isolation" | "core"; category: "core" | "strength" | "cardio" | "flexibility" | "balance" | "endurance"; ... 13 more ...; videoUrl?: string | undefined; }': description, type, category, setGroups

[7m76[0m     emitChange({ exercises: updated });
[7m  [0m [91m                 ~~~~~~~~~[0m

[96msrc/builder/superset-editor.tsx[0m:[93m88[0m:[93m18[0m - [91merror[0m[90m TS2322: [0mType 'SupersetBuilderExercise[]' is not assignable to type '{ exerciseId: string; name: string; description: string; type: "compound" | "accessory" | "isolation" | "core"; category: "core" | "strength" | "cardio" | "flexibility" | "balance" | "endurance"; ... 13 more ...; videoUrl?: string | undefined; }[] & SupersetBuilderExercise[]'.
  Type 'SupersetBuilderExercise[]' is not assignable to type '{ exerciseId: string; name: string; description: string; type: "compound" | "accessory" | "isolation" | "core"; category: "core" | "strength" | "cardio" | "flexibility" | "balance" | "endurance"; ... 13 more ...; videoUrl?: string | undefined; }[]'.
    Type 'SupersetBuilderExercise' is missing the following properties from type '{ exerciseId: string; name: string; description: string; type: "compound" | "accessory" | "isolation" | "core"; category: "core" | "strength" | "cardio" | "flexibility" | "balance" | "endurance"; ... 13 more ...; videoUrl?: string | undefined; }': description, type, category, setGroups

[7m88[0m     emitChange({ exercises: updated });
[7m  [0m [91m                 ~~~~~~~~~[0m

[96msrc/live/live-cardio-card.tsx[0m:[93m110[0m:[93m34[0m - [91merror[0m[90m TS18048: [0m'intensity' is possibly 'undefined'.

[7m110[0m                 <span className={intensity.color}>{intensity.label}</span>
[7m   [0m [91m                                 ~~~~~~~~~[0m

[96msrc/live/live-cardio-card.tsx[0m:[93m110[0m:[93m52[0m - [91merror[0m[90m TS18048: [0m'intensity' is possibly 'undefined'.

[7m110[0m                 <span className={intensity.color}>{intensity.label}</span>
[7m   [0m [91m                                                   ~~~~~~~~~[0m


Found 9 errors in 3 files.

Errors  Files
     3  src/builder/circuit-editor.tsx[90m:32[0m
     4  src/builder/superset-editor.tsx[90m:57[0m
     2  src/live/live-cardio-card.tsx[90m:110[0m
[41m[30mâ€‰ELIFECYCLEâ€‰[39m[49m [31mCommand failed with exit code 1.[39m
